[I 2023-09-25 02:22:51.476 ServerApp] jupyterlab | extension was successfully linked.
[W 2023-09-25 02:22:51.488 NotebookApp] 'allow_password_change' has moved from NotebookApp to ServerApp. This config will be passed to ServerApp. Be sure to update your config before our next release.
[W 2023-09-25 02:22:51.488 NotebookApp] 'password' has moved from NotebookApp to ServerApp. This config will be passed to ServerApp. Be sure to update your config before our next release.
[I 2023-09-25 02:22:52.907 ServerApp] nbclassic | extension was successfully linked.
[W 2023-09-25 02:22:53.040 ServerApp] All authentication is disabled.  Anyone who can connect to this server will be able to run code.
[I 2023-09-25 02:22:53.068 LabApp] JupyterLab extension loaded from /groups/funke/home/mehtay/anaconda3/lib/python3.9/site-packages/jupyterlab
[I 2023-09-25 02:22:53.068 LabApp] JupyterLab application directory is /groups/funke/home/mehtay/anaconda3/share/jupyter/lab
[I 2023-09-25 02:22:53.072 ServerApp] jupyterlab | extension was successfully loaded.
[I 2023-09-25 02:22:53.103 ServerApp] nbclassic | extension was successfully loaded.
[I 2023-09-25 02:22:53.103 ServerApp] Serving notebooks from local directory: /groups/funke/home/mehtay/research/plasticity/experiments
[I 2023-09-25 02:22:53.103 ServerApp] Jupyter Server 1.4.1 is running at:
[I 2023-09-25 02:22:53.103 ServerApp] http://h09u20.int.janelia.org:8888/lab
[I 2023-09-25 02:22:53.103 ServerApp]  or http://127.0.0.1:8888/lab
[I 2023-09-25 02:22:53.103 ServerApp] Use Control-C to stop this server and shut down all kernels (twice to skip confirmation).
Unable to connect to VS Code server: Error in request.
Error: connect ENOENT /run/user/63832/vscode-ipc-2c73031f-1f71-43c5-8c3d-64178f70cfd4.sock
    at PipeConnectWrap.afterConnect [as oncomplete] (node:net:1247:16) {
  errno: -2,
  code: 'ENOENT',
  syscall: 'connect',
  address: '/run/user/63832/vscode-ipc-2c73031f-1f71-43c5-8c3d-64178f70cfd4.sock'
}
[W 2023-09-25 02:23:06.067 LabApp] Could not determine jupyterlab build status without nodejs
[W 2023-09-25 02:23:09.647 ServerApp] 404 GET /api/contents/paper_figs/Fig3.ipynb?content=0&1695622989557 (10.60.0.195): No such file or directory: paper_figs/Fig3.ipynb
[W 2023-09-25 02:23:09.648 ServerApp] No such file or directory: paper_figs/Fig3.ipynb
[W 2023-09-25 02:23:09.648 ServerApp] 404 GET /api/contents/paper_figs/Fig3.ipynb?content=0&1695622989557 (10.60.0.195) 1.14ms referer=http://h09u20.int.janelia.org:8888/lab
[W 2023-09-25 02:23:10.257 ServerApp] 404 GET /api/contents/paper_figs?1695622990173 (10.60.0.195): No such file or directory: paper_figs
[W 2023-09-25 02:23:10.258 ServerApp] No such file or directory: paper_figs
[W 2023-09-25 02:23:10.258 ServerApp] 404 GET /api/contents/paper_figs?1695622990173 (10.60.0.195) 0.59ms referer=http://h09u20.int.janelia.org:8888/lab
[I 2023-09-25 02:23:32.953 ServerApp] Interrupted...
[I 2023-09-25 02:23:32.960 ServerApp] Shutting down 0 kernels

------------------------------------------------------------
Sender: LSF System <lsfadmin@h09u20>
Subject: Job 132058540: <Jupyter> in cluster <Janelia> Exited

Job <Jupyter> was submitted from host <vm7134> by user <mehtay> in cluster <Janelia> at Mon Sep 25 02:22:46 2023
Job was executed on host(s) <4*h09u20>, in queue <gpu_tesla>, as user <mehtay> in cluster <Janelia> at Mon Sep 25 02:22:46 2023
</groups/funke/home/mehtay> was used as the home directory.
</groups/funke/home/mehtay/research/plasticity/experiments> was used as the working directory.
Started at Mon Sep 25 02:22:46 2023
Terminated at Mon Sep 25 02:23:33 2023
Results reported at Mon Sep 25 02:23:33 2023

Your job looked like:

------------------------------------------------------------
# LSBATCH: User input
jupyter lab --ip 0.0.0.0 
------------------------------------------------------------

TERM_OWNER: job killed by owner.
Exited with signal termination: 14.

Resource usage summary:

    CPU time :                                   3.70 sec.
    Max Memory :                                 92 MB
    Average Memory :                             78.07 MB
    Total Requested Memory :                     122880.00 MB
    Delta Memory :                               122788.00 MB
    Max Swap :                                   -
    Max Processes :                              3
    Max Threads :                                5
    Run time :                                   45 sec.
    Turnaround time :                            47 sec.

The output (if any) is above this job summary.

[I 2023-09-25 20:59:12.103 ServerApp] jupyterlab | extension was successfully linked.
[W 2023-09-25 20:59:12.109 NotebookApp] 'allow_password_change' has moved from NotebookApp to ServerApp. This config will be passed to ServerApp. Be sure to update your config before our next release.
[W 2023-09-25 20:59:12.109 NotebookApp] 'password' has moved from NotebookApp to ServerApp. This config will be passed to ServerApp. Be sure to update your config before our next release.
[I 2023-09-25 20:59:12.669 ServerApp] nbclassic | extension was successfully linked.
[W 2023-09-25 20:59:12.746 ServerApp] All authentication is disabled.  Anyone who can connect to this server will be able to run code.
[I 2023-09-25 20:59:12.760 LabApp] JupyterLab extension loaded from /groups/funke/home/mehtay/anaconda3/lib/python3.9/site-packages/jupyterlab
[I 2023-09-25 20:59:12.760 LabApp] JupyterLab application directory is /groups/funke/home/mehtay/anaconda3/share/jupyter/lab
[I 2023-09-25 20:59:12.764 ServerApp] jupyterlab | extension was successfully loaded.
[I 2023-09-25 20:59:12.776 ServerApp] nbclassic | extension was successfully loaded.
[I 2023-09-25 20:59:12.776 ServerApp] Serving notebooks from local directory: /groups/funke/home/mehtay/research/plasticity/experiments
[I 2023-09-25 20:59:12.776 ServerApp] Jupyter Server 1.4.1 is running at:
[I 2023-09-25 20:59:12.776 ServerApp] http://h09u20.int.janelia.org:8888/lab
[I 2023-09-25 20:59:12.776 ServerApp]  or http://127.0.0.1:8888/lab
[I 2023-09-25 20:59:12.776 ServerApp] Use Control-C to stop this server and shut down all kernels (twice to skip confirmation).
Unable to connect to VS Code server: Error in request.
Error: connect ENOENT /run/user/63832/vscode-ipc-c2f53240-087c-4337-a68e-b3f7cfcf7afe.sock
    at PipeConnectWrap.afterConnect [as oncomplete] (node:net:1247:16) {
  errno: -2,
  code: 'ENOENT',
  syscall: 'connect',
  address: '/run/user/63832/vscode-ipc-c2f53240-087c-4337-a68e-b3f7cfcf7afe.sock'
}
[W 2023-09-25 21:00:07.846 LabApp] Could not determine jupyterlab build status without nodejs
[W 2023-09-25 21:00:10.439 ServerApp] 404 GET /api/contents/paper_figs/Fig3.ipynb?content=0&1695690010386 (10.60.0.195): No such file or directory: paper_figs/Fig3.ipynb
[W 2023-09-25 21:00:10.439 ServerApp] No such file or directory: paper_figs/Fig3.ipynb
[W 2023-09-25 21:00:10.439 ServerApp] 404 GET /api/contents/paper_figs/Fig3.ipynb?content=0&1695690010386 (10.60.0.195) 0.87ms referer=http://h09u20.int.janelia.org:8888/lab
[W 2023-09-25 21:00:11.015 ServerApp] 404 GET /api/contents/paper_figs?1695690010961 (10.60.0.195): No such file or directory: paper_figs
[W 2023-09-25 21:00:11.015 ServerApp] No such file or directory: paper_figs
[W 2023-09-25 21:00:11.016 ServerApp] 404 GET /api/contents/paper_figs?1695690010961 (10.60.0.195) 1.06ms referer=http://h09u20.int.janelia.org:8888/lab
[I 2023-09-25 21:00:15.709 ServerApp] Interrupted...
[I 2023-09-25 21:00:15.717 ServerApp] Shutting down 0 kernels

------------------------------------------------------------
Sender: LSF System <lsfadmin@h09u20>
Subject: Job 132080593: <Jupyter> in cluster <Janelia> Exited

Job <Jupyter> was submitted from host <vm7134> by user <mehtay> in cluster <Janelia> at Mon Sep 25 20:59:08 2023
Job was executed on host(s) <4*h09u20>, in queue <gpu_tesla>, as user <mehtay> in cluster <Janelia> at Mon Sep 25 20:59:08 2023
</groups/funke/home/mehtay> was used as the home directory.
</groups/funke/home/mehtay/research/plasticity/experiments> was used as the working directory.
Started at Mon Sep 25 20:59:08 2023
Terminated at Mon Sep 25 21:00:15 2023
Results reported at Mon Sep 25 21:00:15 2023

Your job looked like:

------------------------------------------------------------
# LSBATCH: User input
jupyter lab --ip 0.0.0.0 
------------------------------------------------------------

TERM_OWNER: job killed by owner.
Exited with signal termination: 14.

Resource usage summary:

    CPU time :                                   3.03 sec.
    Max Memory :                                 78 MB
    Average Memory :                             61.21 MB
    Total Requested Memory :                     122880.00 MB
    Delta Memory :                               122802.00 MB
    Max Swap :                                   -
    Max Processes :                              3
    Max Threads :                                5
    Run time :                                   64 sec.
    Turnaround time :                            67 sec.

The output (if any) is above this job summary.

[I 2023-09-26 02:22:49.134 ServerApp] jupyterlab | extension was successfully linked.
[W 2023-09-26 02:22:49.140 NotebookApp] 'allow_password_change' has moved from NotebookApp to ServerApp. This config will be passed to ServerApp. Be sure to update your config before our next release.
[W 2023-09-26 02:22:49.140 NotebookApp] 'password' has moved from NotebookApp to ServerApp. This config will be passed to ServerApp. Be sure to update your config before our next release.
[I 2023-09-26 02:22:49.714 ServerApp] nbclassic | extension was successfully linked.
[W 2023-09-26 02:22:49.789 ServerApp] All authentication is disabled.  Anyone who can connect to this server will be able to run code.
[I 2023-09-26 02:22:49.799 LabApp] JupyterLab extension loaded from /groups/funke/home/mehtay/anaconda3/lib/python3.9/site-packages/jupyterlab
[I 2023-09-26 02:22:49.799 LabApp] JupyterLab application directory is /groups/funke/home/mehtay/anaconda3/share/jupyter/lab
[I 2023-09-26 02:22:49.802 ServerApp] jupyterlab | extension was successfully loaded.
[I 2023-09-26 02:22:49.812 ServerApp] nbclassic | extension was successfully loaded.
[I 2023-09-26 02:22:49.812 ServerApp] Serving notebooks from local directory: /groups/funke/home/mehtay/research/plasticity/experiments
[I 2023-09-26 02:22:49.812 ServerApp] Jupyter Server 1.4.1 is running at:
[I 2023-09-26 02:22:49.812 ServerApp] http://h09u20.int.janelia.org:8888/lab
[I 2023-09-26 02:22:49.812 ServerApp]  or http://127.0.0.1:8888/lab
[I 2023-09-26 02:22:49.812 ServerApp] Use Control-C to stop this server and shut down all kernels (twice to skip confirmation).
Unable to connect to VS Code server: Error in request.
Error: connect ENOENT /run/user/63832/vscode-ipc-8b9cd659-e8c1-4223-9fe2-c9cbb98cfd1d.sock
    at PipeConnectWrap.afterConnect [as oncomplete] (node:net:1247:16) {
  errno: -2,
  code: 'ENOENT',
  syscall: 'connect',
  address: '/run/user/63832/vscode-ipc-8b9cd659-e8c1-4223-9fe2-c9cbb98cfd1d.sock'
}
[W 2023-09-26 02:22:55.116 ServerApp] 404 GET /api/contents/paper_figs?content=1&1695709374872 (10.60.0.195): No such file or directory: paper_figs
[W 2023-09-26 02:22:55.116 ServerApp] No such file or directory: paper_figs
[W 2023-09-26 02:22:55.117 ServerApp] 404 GET /api/contents/paper_figs?content=1&1695709374872 (10.60.0.195) 1.96ms referer=http://h09u20.int.janelia.org:8888/lab/tree/paper_figs/Fig3.ipynb
[W 2023-09-26 02:23:18.216 LabApp] Could not determine jupyterlab build status without nodejs
[I 2023-09-26 02:23:44.744 ServerApp] Interrupted...
[I 2023-09-26 02:23:44.749 ServerApp] Shutting down 0 kernels

------------------------------------------------------------
Sender: LSF System <lsfadmin@h09u20>
Subject: Job 132088106: <Jupyter> in cluster <Janelia> Exited

Job <Jupyter> was submitted from host <vm7134> by user <mehtay> in cluster <Janelia> at Tue Sep 26 02:22:46 2023
Job was executed on host(s) <4*h09u20>, in queue <gpu_tesla>, as user <mehtay> in cluster <Janelia> at Tue Sep 26 02:22:46 2023
</groups/funke/home/mehtay> was used as the home directory.
</groups/funke/home/mehtay/research/plasticity/experiments> was used as the working directory.
Started at Tue Sep 26 02:22:46 2023
Terminated at Tue Sep 26 02:23:44 2023
Results reported at Tue Sep 26 02:23:44 2023

Your job looked like:

------------------------------------------------------------
# LSBATCH: User input
jupyter lab --ip 0.0.0.0 
------------------------------------------------------------

TERM_OWNER: job killed by owner.
Exited with signal termination: 14.

Resource usage summary:

    CPU time :                                   3.12 sec.
    Max Memory :                                 78 MB
    Average Memory :                             66.41 MB
    Total Requested Memory :                     122880.00 MB
    Delta Memory :                               122802.00 MB
    Max Swap :                                   -
    Max Processes :                              3
    Max Threads :                                5
    Run time :                                   56 sec.
    Turnaround time :                            58 sec.

The output (if any) is above this job summary.

